

Processing FriendsController#index (for 127.0.0.1 at 2009-06-24 12:15:50) [GET]

NameError (uninitialized constant FriendsController::Twitter):
  app/controllers/friends_controller.rb:4:in `index'

Rendered rescues/_trace (87.5ms)
Rendered rescues/_request_and_response (2.9ms)
Rendering rescues/layout (internal_server_error)


Processing FriendsController#index (for 127.0.0.1 at 2009-06-24 17:55:28) [GET]

NameError (undefined local variable or method `config_file' for #<FriendsController:0x18c9f28>):
  app/controllers/friends_controller.rb:4:in `index'

Rendered rescues/_trace (87.1ms)
Rendered rescues/_request_and_response (3.0ms)
Rendering rescues/layout (internal_server_error)


Processing FriendsController#index (for 127.0.0.1 at 2009-06-24 17:57:32) [GET]

ArgumentError (syntax error on line 36, col -1: `'):
  /usr/local/lib/ruby/1.8/yaml.rb:133:in `load'
  /usr/local/lib/ruby/1.8/yaml.rb:133:in `load'
  /usr/local/lib/ruby/gems/1.8/gems/twitter4r-0.3.1/lib/twitter/console.rb:25:in `from_config'
  app/controllers/friends_controller.rb:5:in `index'

Rendered rescues/_trace (90.0ms)
Rendered rescues/_request_and_response (0.6ms)
Rendering rescues/layout (internal_server_error)


Processing FriendsController#index (for 127.0.0.1 at 2009-06-24 17:58:01) [GET]

ArgumentError (syntax error on line 35, col -1: `'):
  /usr/local/lib/ruby/1.8/yaml.rb:133:in `load'
  /usr/local/lib/ruby/1.8/yaml.rb:133:in `load'
  /usr/local/lib/ruby/gems/1.8/gems/twitter4r-0.3.1/lib/twitter/console.rb:25:in `from_config'
  app/controllers/friends_controller.rb:5:in `index'

Rendered rescues/_trace (87.6ms)
Rendered rescues/_request_and_response (0.5ms)
Rendering rescues/layout (internal_server_error)


Processing FriendsController#index (for 127.0.0.1 at 2009-06-24 17:58:03) [GET]

ArgumentError (syntax error on line 35, col -1: `'):
  /usr/local/lib/ruby/1.8/yaml.rb:133:in `load'
  /usr/local/lib/ruby/1.8/yaml.rb:133:in `load'
  /usr/local/lib/ruby/gems/1.8/gems/twitter4r-0.3.1/lib/twitter/console.rb:25:in `from_config'
  app/controllers/friends_controller.rb:5:in `index'

Rendered rescues/_trace (89.5ms)
Rendered rescues/_request_and_response (0.6ms)
Rendering rescues/layout (internal_server_error)


Processing FriendsController#index (for 127.0.0.1 at 2009-06-24 17:58:38) [GET]

ArgumentError (syntax error on line 33, col 3: `r:/'):
  /usr/local/lib/ruby/1.8/yaml.rb:133:in `load'
  /usr/local/lib/ruby/1.8/yaml.rb:133:in `load'
  /usr/local/lib/ruby/gems/1.8/gems/twitter4r-0.3.1/lib/twitter/console.rb:25:in `from_config'
  app/controllers/friends_controller.rb:5:in `index'

Rendered rescues/_trace (86.6ms)
Rendered rescues/_request_and_response (0.5ms)
Rendering rescues/layout (internal_server_error)


Processing FriendsController#index (for 127.0.0.1 at 2009-06-24 18:00:35) [GET]

NoMethodError (You have a nil object when you didn't expect it!
You might have expected an instance of Array.
The error occurred while evaluating nil.each):
  /usr/local/lib/ruby/gems/1.8/gems/twitter4r-0.3.1/lib/twitter/core.rb:72:in `initialize'
  /usr/local/lib/ruby/gems/1.8/gems/twitter4r-0.3.1/lib/twitter/console.rb:26:in `new'
  /usr/local/lib/ruby/gems/1.8/gems/twitter4r-0.3.1/lib/twitter/console.rb:26:in `from_config'
  app/controllers/friends_controller.rb:5:in `index'

Rendered rescues/_trace (152.0ms)
Rendered rescues/_request_and_response (0.6ms)
Rendering rescues/layout (internal_server_error)


Processing FriendsController#index (for 127.0.0.1 at 2009-06-24 18:01:44) [GET]

ArgumentError (syntax error on line 33, col 3: `'):
  /usr/local/lib/ruby/1.8/yaml.rb:133:in `load'
  /usr/local/lib/ruby/1.8/yaml.rb:133:in `load'
  /usr/local/lib/ruby/gems/1.8/gems/twitter4r-0.3.1/lib/twitter/console.rb:25:in `from_config'
  app/controllers/friends_controller.rb:5:in `index'

Rendered rescues/_trace (86.6ms)
Rendered rescues/_request_and_response (0.6ms)
Rendering rescues/layout (internal_server_error)


Processing FriendsController#index (for 127.0.0.1 at 2009-06-24 18:01:55) [GET]
Rendering friends/index
Completed in 21ms (View: 12, DB: 0) | 200 OK [http://localhost/]


Processing FriendsController#index (for 127.0.0.1 at 2009-06-24 18:02:17) [GET]
Rendering friends/index
Completed in 10ms (View: 1, DB: 0) | 200 OK [http://localhost/]


Processing FriendsController#index (for 127.0.0.1 at 2009-06-24 18:10:48) [GET]
Rendering friends/index
Completed in 10ms (View: 1, DB: 0) | 200 OK [http://localhost/]


Processing ApplicationController#index (for 127.0.0.1 at 2009-06-24 18:11:01) [GET]

ActionController::RoutingError (No route matches "/users" with {:method=>:get}):
  

Rendering rescues/layout (not_found)


Processing ApplicationController#index (for 127.0.0.1 at 2009-06-24 18:11:11) [GET]

ActionController::RoutingError (No route matches "/users/123" with {:method=>:get}):
  

Rendering rescues/layout (not_found)


Processing FriendsController#index (for 127.0.0.1 at 2009-06-24 18:11:28) [GET]
Rendering friends/index
Completed in 10ms (View: 1, DB: 0) | 200 OK [http://localhost/]


Processing FriendsController#index (for 127.0.0.1 at 2009-06-24 18:13:24) [GET]
Rendering friends/index
Completed in 10ms (View: 1, DB: 0) | 200 OK [http://localhost/]


Processing FriendsController#index (for 127.0.0.1 at 2009-06-24 18:14:09) [GET]
Rendering friends/index
Completed in 15ms (View: 7, DB: 0) | 200 OK [http://localhost/]


Processing FriendsController#index (for 127.0.0.1 at 2009-06-24 18:16:33) [GET]

SocketError (getaddrinfo: nodename nor servname provided, or not known):
  /usr/local/lib/ruby/1.8/net/http.rb:560:in `initialize'
  /usr/local/lib/ruby/1.8/net/http.rb:560:in `open'
  /usr/local/lib/ruby/1.8/net/http.rb:560:in `connect'
  /usr/local/lib/ruby/1.8/timeout.rb:53:in `timeout'
  /usr/local/lib/ruby/1.8/timeout.rb:93:in `timeout'
  /usr/local/lib/ruby/1.8/net/http.rb:560:in `connect'
  /usr/local/lib/ruby/1.8/net/http.rb:553:in `do_start'
  /usr/local/lib/ruby/1.8/net/http.rb:542:in `start'
  /usr/local/lib/ruby/gems/1.8/gems/twitter4r-0.3.1/lib/twitter/client/base.rb:14:in `http_connect'
  /usr/local/lib/ruby/gems/1.8/gems/twitter4r-0.3.1/lib/twitter/client/user.rb:37:in `user'
  app/controllers/friends_controller.rb:6:in `index'

Rendered rescues/_trace (154.3ms)
Rendered rescues/_request_and_response (0.5ms)
Rendering rescues/layout (internal_server_error)


Processing FriendsController#index (for 127.0.0.1 at 2009-06-24 18:20:04) [GET]

SocketError (getaddrinfo: nodename nor servname provided, or not known):
  /usr/local/lib/ruby/1.8/net/http.rb:560:in `initialize'
  /usr/local/lib/ruby/1.8/net/http.rb:560:in `open'
  /usr/local/lib/ruby/1.8/net/http.rb:560:in `connect'
  /usr/local/lib/ruby/1.8/timeout.rb:53:in `timeout'
  /usr/local/lib/ruby/1.8/timeout.rb:93:in `timeout'
  /usr/local/lib/ruby/1.8/net/http.rb:560:in `connect'
  /usr/local/lib/ruby/1.8/net/http.rb:553:in `do_start'
  /usr/local/lib/ruby/1.8/net/http.rb:542:in `start'
  /usr/local/lib/ruby/gems/1.8/gems/twitter4r-0.3.1/lib/twitter/client/base.rb:14:in `http_connect'
  /usr/local/lib/ruby/gems/1.8/gems/twitter4r-0.3.1/lib/twitter/client/user.rb:37:in `user'
  app/controllers/friends_controller.rb:7:in `index'

Rendered rescues/_trace (94.3ms)
Rendered rescues/_request_and_response (0.6ms)
Rendering rescues/layout (internal_server_error)


Processing FriendsController#index (for 127.0.0.1 at 2009-06-24 18:20:06) [GET]

SocketError (getaddrinfo: nodename nor servname provided, or not known):
  /usr/local/lib/ruby/1.8/net/http.rb:560:in `initialize'
  /usr/local/lib/ruby/1.8/net/http.rb:560:in `open'
  /usr/local/lib/ruby/1.8/net/http.rb:560:in `connect'
  /usr/local/lib/ruby/1.8/timeout.rb:53:in `timeout'
  /usr/local/lib/ruby/1.8/timeout.rb:93:in `timeout'
  /usr/local/lib/ruby/1.8/net/http.rb:560:in `connect'
  /usr/local/lib/ruby/1.8/net/http.rb:553:in `do_start'
  /usr/local/lib/ruby/1.8/net/http.rb:542:in `start'
  /usr/local/lib/ruby/gems/1.8/gems/twitter4r-0.3.1/lib/twitter/client/base.rb:14:in `http_connect'
  /usr/local/lib/ruby/gems/1.8/gems/twitter4r-0.3.1/lib/twitter/client/user.rb:37:in `user'
  app/controllers/friends_controller.rb:7:in `index'

Rendered rescues/_trace (154.6ms)
Rendered rescues/_request_and_response (0.5ms)
Rendering rescues/layout (internal_server_error)


Processing FriendsController#index (for 127.0.0.1 at 2009-06-24 18:20:07) [GET]

SocketError (getaddrinfo: nodename nor servname provided, or not known):
  /usr/local/lib/ruby/1.8/net/http.rb:560:in `initialize'
  /usr/local/lib/ruby/1.8/net/http.rb:560:in `open'
  /usr/local/lib/ruby/1.8/net/http.rb:560:in `connect'
  /usr/local/lib/ruby/1.8/timeout.rb:53:in `timeout'
  /usr/local/lib/ruby/1.8/timeout.rb:93:in `timeout'
  /usr/local/lib/ruby/1.8/net/http.rb:560:in `connect'
  /usr/local/lib/ruby/1.8/net/http.rb:553:in `do_start'
  /usr/local/lib/ruby/1.8/net/http.rb:542:in `start'
  /usr/local/lib/ruby/gems/1.8/gems/twitter4r-0.3.1/lib/twitter/client/base.rb:14:in `http_connect'
  /usr/local/lib/ruby/gems/1.8/gems/twitter4r-0.3.1/lib/twitter/client/user.rb:37:in `user'
  app/controllers/friends_controller.rb:7:in `index'

Rendered rescues/_trace (93.1ms)
Rendered rescues/_request_and_response (0.6ms)
Rendering rescues/layout (internal_server_error)


Processing FriendsController#index (for 127.0.0.1 at 2009-06-24 18:27:59) [GET]

SocketError (getaddrinfo: nodename nor servname provided, or not known):
  /usr/local/lib/ruby/1.8/net/http.rb:560:in `initialize'
  /usr/local/lib/ruby/1.8/net/http.rb:560:in `open'
  /usr/local/lib/ruby/1.8/net/http.rb:560:in `connect'
  /usr/local/lib/ruby/1.8/timeout.rb:53:in `timeout'
  /usr/local/lib/ruby/1.8/timeout.rb:93:in `timeout'
  /usr/local/lib/ruby/1.8/net/http.rb:560:in `connect'
  /usr/local/lib/ruby/1.8/net/http.rb:553:in `do_start'
  /usr/local/lib/ruby/1.8/net/http.rb:542:in `start'
  /usr/local/lib/ruby/gems/1.8/gems/twitter4r-0.3.1/lib/twitter/client/base.rb:14:in `http_connect'
  /usr/local/lib/ruby/gems/1.8/gems/twitter4r-0.3.1/lib/twitter/client/user.rb:37:in `user'
  app/controllers/friends_controller.rb:7:in `index'

Rendered rescues/_trace (155.3ms)
Rendered rescues/_request_and_response (0.5ms)
Rendering rescues/layout (internal_server_error)


Processing FriendsController#index (for 127.0.0.1 at 2009-06-24 18:28:02) [GET]

SocketError (getaddrinfo: nodename nor servname provided, or not known):
  /usr/local/lib/ruby/1.8/net/http.rb:560:in `initialize'
  /usr/local/lib/ruby/1.8/net/http.rb:560:in `open'
  /usr/local/lib/ruby/1.8/net/http.rb:560:in `connect'
  /usr/local/lib/ruby/1.8/timeout.rb:53:in `timeout'
  /usr/local/lib/ruby/1.8/timeout.rb:93:in `timeout'
  /usr/local/lib/ruby/1.8/net/http.rb:560:in `connect'
  /usr/local/lib/ruby/1.8/net/http.rb:553:in `do_start'
  /usr/local/lib/ruby/1.8/net/http.rb:542:in `start'
  /usr/local/lib/ruby/gems/1.8/gems/twitter4r-0.3.1/lib/twitter/client/base.rb:14:in `http_connect'
  /usr/local/lib/ruby/gems/1.8/gems/twitter4r-0.3.1/lib/twitter/client/user.rb:37:in `user'
  app/controllers/friends_controller.rb:7:in `index'

Rendered rescues/_trace (93.2ms)
Rendered rescues/_request_and_response (0.5ms)
Rendering rescues/layout (internal_server_error)


Processing FriendsController#index (for 127.0.0.1 at 2009-06-24 18:28:03) [GET]

SocketError (getaddrinfo: nodename nor servname provided, or not known):
  /usr/local/lib/ruby/1.8/net/http.rb:560:in `initialize'
  /usr/local/lib/ruby/1.8/net/http.rb:560:in `open'
  /usr/local/lib/ruby/1.8/net/http.rb:560:in `connect'
  /usr/local/lib/ruby/1.8/timeout.rb:53:in `timeout'
  /usr/local/lib/ruby/1.8/timeout.rb:93:in `timeout'
  /usr/local/lib/ruby/1.8/net/http.rb:560:in `connect'
  /usr/local/lib/ruby/1.8/net/http.rb:553:in `do_start'
  /usr/local/lib/ruby/1.8/net/http.rb:542:in `start'
  /usr/local/lib/ruby/gems/1.8/gems/twitter4r-0.3.1/lib/twitter/client/base.rb:14:in `http_connect'
  /usr/local/lib/ruby/gems/1.8/gems/twitter4r-0.3.1/lib/twitter/client/user.rb:37:in `user'
  app/controllers/friends_controller.rb:7:in `index'

Rendered rescues/_trace (156.2ms)
Rendered rescues/_request_and_response (0.6ms)
Rendering rescues/layout (internal_server_error)


Processing FriendsController#index (for 127.0.0.1 at 2009-06-24 18:28:41) [GET]

SocketError (getaddrinfo: nodename nor servname provided, or not known):
  /usr/local/lib/ruby/1.8/net/http.rb:560:in `initialize'
  /usr/local/lib/ruby/1.8/net/http.rb:560:in `open'
  /usr/local/lib/ruby/1.8/net/http.rb:560:in `connect'
  /usr/local/lib/ruby/1.8/timeout.rb:53:in `timeout'
  /usr/local/lib/ruby/1.8/timeout.rb:93:in `timeout'
  /usr/local/lib/ruby/1.8/net/http.rb:560:in `connect'
  /usr/local/lib/ruby/1.8/net/http.rb:553:in `do_start'
  /usr/local/lib/ruby/1.8/net/http.rb:542:in `start'
  /usr/local/lib/ruby/gems/1.8/gems/twitter4r-0.3.1/lib/twitter/client/base.rb:14:in `http_connect'
  /usr/local/lib/ruby/gems/1.8/gems/twitter4r-0.3.1/lib/twitter/client/user.rb:37:in `user'
  app/controllers/friends_controller.rb:7:in `index'

Rendered rescues/_trace (93.3ms)
Rendered rescues/_request_and_response (0.6ms)
Rendering rescues/layout (internal_server_error)


Processing FriendsController#index (for 127.0.0.1 at 2009-06-24 18:28:43) [GET]

SocketError (getaddrinfo: nodename nor servname provided, or not known):
  /usr/local/lib/ruby/1.8/net/http.rb:560:in `initialize'
  /usr/local/lib/ruby/1.8/net/http.rb:560:in `open'
  /usr/local/lib/ruby/1.8/net/http.rb:560:in `connect'
  /usr/local/lib/ruby/1.8/timeout.rb:53:in `timeout'
  /usr/local/lib/ruby/1.8/timeout.rb:93:in `timeout'
  /usr/local/lib/ruby/1.8/net/http.rb:560:in `connect'
  /usr/local/lib/ruby/1.8/net/http.rb:553:in `do_start'
  /usr/local/lib/ruby/1.8/net/http.rb:542:in `start'
  /usr/local/lib/ruby/gems/1.8/gems/twitter4r-0.3.1/lib/twitter/client/base.rb:14:in `http_connect'
  /usr/local/lib/ruby/gems/1.8/gems/twitter4r-0.3.1/lib/twitter/client/user.rb:37:in `user'
  app/controllers/friends_controller.rb:7:in `index'

Rendered rescues/_trace (156.5ms)
Rendered rescues/_request_and_response (0.6ms)
Rendering rescues/layout (internal_server_error)


Processing FriendsController#index (for 127.0.0.1 at 2009-06-24 18:29:16) [GET]
Rendering friends/index
Completed in 15ms (View: 7, DB: 0) | 200 OK [http://localhost/]


Processing FriendsController#index (for 127.0.0.1 at 2009-06-24 18:29:35) [GET]
Rendering friends/index
Completed in 15ms (View: 7, DB: 0) | 200 OK [http://localhost/]


Processing FriendsController#index (for 127.0.0.1 at 2009-06-24 18:29:48) [GET]
Rendering friends/index

ActionView::TemplateError (getaddrinfo: nodename nor servname provided, or not known) on line #3 of app/views/friends/index.html.erb:
1: hello world!
2: 
3: <%= @twitter.user('caitlin') %>

    /usr/local/lib/ruby/1.8/net/http.rb:560:in `initialize'
    /usr/local/lib/ruby/1.8/net/http.rb:560:in `open'
    /usr/local/lib/ruby/1.8/net/http.rb:560:in `connect'
    /usr/local/lib/ruby/1.8/timeout.rb:53:in `timeout'
    /usr/local/lib/ruby/1.8/timeout.rb:93:in `timeout'
    /usr/local/lib/ruby/1.8/net/http.rb:560:in `connect'
    /usr/local/lib/ruby/1.8/net/http.rb:553:in `do_start'
    /usr/local/lib/ruby/1.8/net/http.rb:542:in `start'
    /usr/local/lib/ruby/gems/1.8/gems/twitter4r-0.3.1/lib/twitter/client/base.rb:14:in `http_connect'
    /usr/local/lib/ruby/gems/1.8/gems/twitter4r-0.3.1/lib/twitter/client/user.rb:37:in `user'
    app/views/friends/index.html.erb:3

Rendered rescues/_trace (110.0ms)
Rendered rescues/_request_and_response (0.5ms)
Rendering rescues/layout (internal_server_error)


Processing FriendsController#index (for 127.0.0.1 at 2009-06-24 18:30:45) [GET]
Rendering friends/index
Completed in 403ms (View: 395, DB: 0) | 200 OK [http://localhost/]


Processing FriendsController#index (for 127.0.0.1 at 2009-06-24 18:31:04) [GET]
Rendering friends/index
Completed in 2618ms (View: 2144, DB: 0) | 200 OK [http://localhost/]


Processing FriendsController#index (for 127.0.0.1 at 2009-06-24 18:32:49) [GET]
Rendering friends/index
Completed in 33544ms (View: 2962, DB: 0) | 200 OK [http://localhost/]


Processing FriendsController#index (for 127.0.0.1 at 2009-06-24 18:35:30) [GET]
Rendering friends/index
Completed in 1590ms (View: 1161, DB: 0) | 200 OK [http://localhost/]


Processing FriendsController#index (for 127.0.0.1 at 2009-06-24 18:37:45) [GET]
Rendering friends/index

ActionView::TemplateError (undefined method `number_followers' for #<Twitter::User:0x182f4f0>) on line #4 of app/views/friends/index.html.erb:
1: hello world!
2: 
3: <% @user.friends.each do |friend| %>
4:   <p><%= friend.name %>, <%= friend.number_followers %>friends</p>
5:   <hr/>
6: <% end %>

    app/views/friends/index.html.erb:4
    app/views/friends/index.html.erb:3:in `each'
    app/views/friends/index.html.erb:3

Rendered rescues/_trace (174.6ms)
Rendered rescues/_request_and_response (2.8ms)
Rendering rescues/layout (internal_server_error)


Processing FriendsController#index (for 127.0.0.1 at 2009-06-24 18:38:04) [GET]
Rendering friends/index

ActionView::TemplateError (undefined method `followers' for #<Twitter::User:0x19480a8>) on line #4 of app/views/friends/index.html.erb:
1: hello world!
2: 
3: <% @user.friends.each do |friend| %>
4:   <p><%= friend.name %>, <%= friend.followers.length %>friends</p>
5:   <hr/>
6: <% end %>

    app/views/friends/index.html.erb:4
    app/views/friends/index.html.erb:3:in `each'
    app/views/friends/index.html.erb:3

Rendered rescues/_trace (103.3ms)
Rendered rescues/_request_and_response (0.5ms)
Rendering rescues/layout (internal_server_error)


Processing FriendsController#index (for 127.0.0.1 at 2009-06-24 18:38:49) [GET]
Rendering friends/index
Completed in 37568ms (View: 36732, DB: 0) | 200 OK [http://localhost/]


Processing FriendsController#index (for 127.0.0.1 at 2009-06-24 18:59:28) [GET]
Rendering friends/index

ActionView::TemplateError (undefined method `user1' for #<Twitter::Client:0x11151c4>) on line #3 of app/views/friends/index.html.erb:
1: <% form_for :twitter, :url => { :controller => "friends", :action => "show_common" } do |form| %>
2: 
3:   <%= form.text_field :user1 %><br/>
4:   <%= form.text_field :user2 %>
5: 
6: <% end %>

    app/views/friends/index.html.erb:3
    app/views/friends/index.html.erb:1

Rendered rescues/_trace (114.7ms)
Rendered rescues/_request_and_response (0.9ms)
Rendering rescues/layout (internal_server_error)


Processing FriendsController#index (for 127.0.0.1 at 2009-06-24 19:00:03) [GET]
Rendering friends/index

ActionView::TemplateError (undefined method `user1' for #<Twitter::Client:0x170b2e0>) on line #3 of app/views/friends/index.html.erb:
1: <% form_for :twitter, :url => { :controller => "friends", :action => "show_common" } do |form| %>
2: 
3:   <%= form.text_field "user1" %><br/>
4:   <%= form.text_field :user2 %>
5: 
6: <% end %>

    app/views/friends/index.html.erb:3
    app/views/friends/index.html.erb:1

Rendered rescues/_trace (175.2ms)
Rendered rescues/_request_and_response (0.5ms)
Rendering rescues/layout (internal_server_error)


Processing FriendsController#index (for 127.0.0.1 at 2009-06-24 19:00:57) [GET]
Rendering friends/index
Completed in 474ms (View: 12, DB: 0) | 200 OK [http://localhost/]


Processing FriendsController#index (for 127.0.0.1 at 2009-06-24 19:02:38) [GET]
Rendering friends/index
ERROR: compiling _run_erb_app47views47friends47index46html46erb RAISED compile error
/Users/scott/Documents/rails_projects/six_degrees/app/views/friends/index.html.erb:7: syntax error, unexpected kENSURE, expecting $end
Function body:           def _run_erb_app47views47friends47index46html46erb(local_assigns)
            old_output_buffer = output_buffer;;@output_buffer = '';  __in_erb_template=true ;  form_tag :url => { :controller => "friends", :action => "show_common" } ; @output_buffer.concat "\n\n  "

; @output_buffer.concat(( text_field_tag :user1 ).to_s); @output_buffer.concat "<br/>\n  "
; @output_buffer.concat(( text_field_tag :user2 ).to_s); @output_buffer.concat "\n\n"

;  end ; @output_buffer
          ensure
            self.output_buffer = old_output_buffer
          end
Backtrace: /Users/scott/Documents/rails_projects/six_degrees/app/views/friends/index.html.erb:7:in `compile!'
/usr/local/lib/ruby/gems/1.8/gems/actionpack-2.3.2/lib/action_view/renderable.rb:61:in `compile'
/usr/local/lib/ruby/gems/1.8/gems/actionpack-2.3.2/lib/action_view/renderable.rb:28:in `render'
/usr/local/lib/ruby/gems/1.8/gems/actionpack-2.3.2/lib/action_view/template.rb:194:in `render_template'
/usr/local/lib/ruby/gems/1.8/gems/actionpack-2.3.2/lib/action_view/base.rb:260:in `render'
/usr/local/lib/ruby/gems/1.8/gems/actionpack-2.3.2/lib/action_controller/base.rb:1241:in `render_for_file'
/usr/local/lib/ruby/gems/1.8/gems/actionpack-2.3.2/lib/action_controller/base.rb:937:in `render_without_benchmark'
/usr/local/lib/ruby/gems/1.8/gems/actionpack-2.3.2/lib/action_controller/benchmarking.rb:51:in `render'
/usr/local/lib/ruby/gems/1.8/gems/activesupport-2.3.2/lib/active_support/core_ext/benchmark.rb:17:in `ms'
/usr/local/lib/ruby/1.8/benchmark.rb:308:in `realtime'
/usr/local/lib/ruby/gems/1.8/gems/activesupport-2.3.2/lib/active_support/core_ext/benchmark.rb:17:in `ms'
/usr/local/lib/ruby/gems/1.8/gems/actionpack-2.3.2/lib/action_controller/benchmarking.rb:51:in `render'
/usr/local/lib/ruby/gems/1.8/gems/actionpack-2.3.2/lib/action_controller/base.rb:1317:in `default_render'
/usr/local/lib/ruby/gems/1.8/gems/actionpack-2.3.2/lib/action_controller/base.rb:1323:in `perform_action_without_filters'
/usr/local/lib/ruby/gems/1.8/gems/actionpack-2.3.2/lib/action_controller/filters.rb:617:in `call_filters'
/usr/local/lib/ruby/gems/1.8/gems/actionpack-2.3.2/lib/action_controller/filters.rb:610:in `perform_action_without_benchmark'
/usr/local/lib/ruby/gems/1.8/gems/actionpack-2.3.2/lib/action_controller/benchmarking.rb:68:in `perform_action_without_rescue'
/usr/local/lib/ruby/gems/1.8/gems/activesupport-2.3.2/lib/active_support/core_ext/benchmark.rb:17:in `ms'
/usr/local/lib/ruby/1.8/benchmark.rb:308:in `realtime'
/usr/local/lib/ruby/gems/1.8/gems/activesupport-2.3.2/lib/active_support/core_ext/benchmark.rb:17:in `ms'
/usr/local/lib/ruby/gems/1.8/gems/actionpack-2.3.2/lib/action_controller/benchmarking.rb:68:in `perform_action_without_rescue'
/usr/local/lib/ruby/gems/1.8/gems/actionpack-2.3.2/lib/action_controller/rescue.rb:160:in `perform_action_without_flash'
/usr/local/lib/ruby/gems/1.8/gems/actionpack-2.3.2/lib/action_controller/flash.rb:141:in `perform_action'
/usr/local/lib/ruby/gems/1.8/gems/actionpack-2.3.2/lib/action_controller/base.rb:523:in `send'
/usr/local/lib/ruby/gems/1.8/gems/actionpack-2.3.2/lib/action_controller/base.rb:523:in `process_without_filters'
/usr/local/lib/ruby/gems/1.8/gems/actionpack-2.3.2/lib/action_controller/filters.rb:606:in `process'
/usr/local/lib/ruby/gems/1.8/gems/actionpack-2.3.2/lib/action_controller/base.rb:391:in `process'
/usr/local/lib/ruby/gems/1.8/gems/actionpack-2.3.2/lib/action_controller/base.rb:386:in `call'
/usr/local/lib/ruby/gems/1.8/gems/actionpack-2.3.2/lib/action_controller/routing/route_set.rb:433:in `call'
/usr/local/lib/ruby/gems/1.8/gems/actionpack-2.3.2/lib/action_controller/dispatcher.rb:88:in `dispatch'
/usr/local/lib/ruby/gems/1.8/gems/actionpack-2.3.2/lib/action_controller/dispatcher.rb:111:in `_call'
/usr/local/lib/ruby/gems/1.8/gems/actionpack-2.3.2/lib/action_controller/dispatcher.rb:82:in `initialize'
/usr/local/lib/ruby/gems/1.8/gems/activerecord-2.3.2/lib/active_record/query_cache.rb:29:in `call'
/usr/local/lib/ruby/gems/1.8/gems/activerecord-2.3.2/lib/active_record/query_cache.rb:29:in `call'
/usr/local/lib/ruby/gems/1.8/gems/activerecord-2.3.2/lib/active_record/connection_adapters/abstract/query_cache.rb:34:in `cache'
/usr/local/lib/ruby/gems/1.8/gems/activerecord-2.3.2/lib/active_record/query_cache.rb:9:in `cache'
/usr/local/lib/ruby/gems/1.8/gems/activerecord-2.3.2/lib/active_record/query_cache.rb:28:in `call'
/usr/local/lib/ruby/gems/1.8/gems/activerecord-2.3.2/lib/active_record/connection_adapters/abstract/connection_pool.rb:361:in `call'
/usr/local/lib/ruby/gems/1.8/gems/actionpack-2.3.2/lib/action_controller/vendor/rack-1.0/rack/head.rb:9:in `call'
/usr/local/lib/ruby/gems/1.8/gems/actionpack-2.3.2/lib/action_controller/vendor/rack-1.0/rack/methodoverride.rb:24:in `call'
/usr/local/lib/ruby/gems/1.8/gems/actionpack-2.3.2/lib/action_controller/params_parser.rb:15:in `call'
/usr/local/lib/ruby/gems/1.8/gems/actionpack-2.3.2/lib/action_controller/rewindable_input.rb:25:in `call'
/usr/local/lib/ruby/gems/1.8/gems/actionpack-2.3.2/lib/action_controller/session/cookie_store.rb:93:in `call'
/usr/local/lib/ruby/gems/1.8/gems/actionpack-2.3.2/lib/action_controller/reloader.rb:9:in `call'
/usr/local/lib/ruby/gems/1.8/gems/actionpack-2.3.2/lib/action_controller/failsafe.rb:11:in `call'
/usr/local/lib/ruby/gems/1.8/gems/actionpack-2.3.2/lib/action_controller/vendor/rack-1.0/rack/lock.rb:11:in `call'
/usr/local/lib/ruby/gems/1.8/gems/actionpack-2.3.2/lib/action_controller/vendor/rack-1.0/rack/lock.rb:11:in `synchronize'
/usr/local/lib/ruby/gems/1.8/gems/actionpack-2.3.2/lib/action_controller/vendor/rack-1.0/rack/lock.rb:11:in `call'
/usr/local/lib/ruby/gems/1.8/gems/actionpack-2.3.2/lib/action_controller/dispatcher.rb:106:in `call'
/usr/local/lib/ruby/gems/1.8/gems/rails-2.3.2/lib/rails/rack/static.rb:31:in `call'
/usr/local/lib/ruby/gems/1.8/gems/actionpack-2.3.2/lib/action_controller/vendor/rack-1.0/rack/urlmap.rb:46:in `call'
/usr/local/lib/ruby/gems/1.8/gems/actionpack-2.3.2/lib/action_controller/vendor/rack-1.0/rack/urlmap.rb:40:in `each'
/usr/local/lib/ruby/gems/1.8/gems/actionpack-2.3.2/lib/action_controller/vendor/rack-1.0/rack/urlmap.rb:40:in `call'
/usr/local/lib/ruby/gems/1.8/gems/rails-2.3.2/lib/rails/rack/log_tailer.rb:17:in `call'
/usr/local/lib/ruby/gems/1.8/gems/actionpack-2.3.2/lib/action_controller/vendor/rack-1.0/rack/content_length.rb:13:in `call'
/usr/local/lib/ruby/gems/1.8/gems/actionpack-2.3.2/lib/action_controller/vendor/rack-1.0/rack/chunked.rb:15:in `call'
/usr/local/lib/ruby/gems/1.8/gems/actionpack-2.3.2/lib/action_controller/vendor/rack-1.0/rack/handler/mongrel.rb:61:in `process'
/usr/local/lib/ruby/gems/1.8/gems/mongrel-1.1.5/lib/mongrel.rb:159:in `process_client'
/usr/local/lib/ruby/gems/1.8/gems/mongrel-1.1.5/lib/mongrel.rb:158:in `each'
/usr/local/lib/ruby/gems/1.8/gems/mongrel-1.1.5/lib/mongrel.rb:158:in `process_client'
/usr/local/lib/ruby/gems/1.8/gems/mongrel-1.1.5/lib/mongrel.rb:285:in `run'
/usr/local/lib/ruby/gems/1.8/gems/mongrel-1.1.5/lib/mongrel.rb:285:in `initialize'
/usr/local/lib/ruby/gems/1.8/gems/mongrel-1.1.5/lib/mongrel.rb:285:in `new'
/usr/local/lib/ruby/gems/1.8/gems/mongrel-1.1.5/lib/mongrel.rb:285:in `run'
/usr/local/lib/ruby/gems/1.8/gems/mongrel-1.1.5/lib/mongrel.rb:268:in `initialize'
/usr/local/lib/ruby/gems/1.8/gems/mongrel-1.1.5/lib/mongrel.rb:268:in `new'
/usr/local/lib/ruby/gems/1.8/gems/mongrel-1.1.5/lib/mongrel.rb:268:in `run'
/usr/local/lib/ruby/gems/1.8/gems/actionpack-2.3.2/lib/action_controller/vendor/rack-1.0/rack/handler/mongrel.rb:34:in `run'
/usr/local/lib/ruby/gems/1.8/gems/rails-2.3.2/lib/commands/server.rb:111
/usr/local/lib/ruby/site_ruby/1.8/rubygems/custom_require.rb:31:in `gem_original_require'
/usr/local/lib/ruby/site_ruby/1.8/rubygems/custom_require.rb:31:in `require'
script/server:3

ActionView::TemplateError (compile error
/Users/scott/Documents/rails_projects/six_degrees/app/views/friends/index.html.erb:7: syntax error, unexpected kENSURE, expecting $end) on line #7 of app/views/friends/index.html.erb:
4:   <%= text_field_tag :user2 %>
5: 
6: <% end %>

    app/views/friends/index.html.erb:7:in `compile!'

Rendered rescues/_trace (162.5ms)
Rendered rescues/_request_and_response (0.5ms)
Rendering rescues/layout (internal_server_error)


Processing FriendsController#index (for 127.0.0.1 at 2009-06-24 19:02:50) [GET]
Rendering friends/index
ERROR: compiling _run_erb_app47views47friends47index46html46erb RAISED compile error
/Users/scott/Documents/rails_projects/six_degrees/app/views/friends/index.html.erb:7: syntax error, unexpected kENSURE, expecting $end
Function body:           def _run_erb_app47views47friends47index46html46erb(local_assigns)
            old_output_buffer = output_buffer;;@output_buffer = '';  __in_erb_template=true ; @output_buffer.concat(( form_tag :url => { :controller => "friends", :action => "show_common" } ).to_s); @output_buffer.concat "\n\n  "

; @output_buffer.concat(( text_field_tag :user1 ).to_s); @output_buffer.concat "<br/>\n  "
; @output_buffer.concat(( text_field_tag :user2 ).to_s); @output_buffer.concat "\n\n"

;  end ; @output_buffer
          ensure
            self.output_buffer = old_output_buffer
          end
Backtrace: /Users/scott/Documents/rails_projects/six_degrees/app/views/friends/index.html.erb:7:in `compile!'
/usr/local/lib/ruby/gems/1.8/gems/actionpack-2.3.2/lib/action_view/renderable.rb:61:in `compile'
/usr/local/lib/ruby/gems/1.8/gems/actionpack-2.3.2/lib/action_view/renderable.rb:28:in `render'
/usr/local/lib/ruby/gems/1.8/gems/actionpack-2.3.2/lib/action_view/template.rb:194:in `render_template'
/usr/local/lib/ruby/gems/1.8/gems/actionpack-2.3.2/lib/action_view/base.rb:260:in `render'
/usr/local/lib/ruby/gems/1.8/gems/actionpack-2.3.2/lib/action_controller/base.rb:1241:in `render_for_file'
/usr/local/lib/ruby/gems/1.8/gems/actionpack-2.3.2/lib/action_controller/base.rb:937:in `render_without_benchmark'
/usr/local/lib/ruby/gems/1.8/gems/actionpack-2.3.2/lib/action_controller/benchmarking.rb:51:in `render'
/usr/local/lib/ruby/gems/1.8/gems/activesupport-2.3.2/lib/active_support/core_ext/benchmark.rb:17:in `ms'
/usr/local/lib/ruby/1.8/benchmark.rb:308:in `realtime'
/usr/local/lib/ruby/gems/1.8/gems/activesupport-2.3.2/lib/active_support/core_ext/benchmark.rb:17:in `ms'
/usr/local/lib/ruby/gems/1.8/gems/actionpack-2.3.2/lib/action_controller/benchmarking.rb:51:in `render'
/usr/local/lib/ruby/gems/1.8/gems/actionpack-2.3.2/lib/action_controller/base.rb:1317:in `default_render'
/usr/local/lib/ruby/gems/1.8/gems/actionpack-2.3.2/lib/action_controller/base.rb:1323:in `perform_action_without_filters'
/usr/local/lib/ruby/gems/1.8/gems/actionpack-2.3.2/lib/action_controller/filters.rb:617:in `call_filters'
/usr/local/lib/ruby/gems/1.8/gems/actionpack-2.3.2/lib/action_controller/filters.rb:610:in `perform_action_without_benchmark'
/usr/local/lib/ruby/gems/1.8/gems/actionpack-2.3.2/lib/action_controller/benchmarking.rb:68:in `perform_action_without_rescue'
/usr/local/lib/ruby/gems/1.8/gems/activesupport-2.3.2/lib/active_support/core_ext/benchmark.rb:17:in `ms'
/usr/local/lib/ruby/1.8/benchmark.rb:308:in `realtime'
/usr/local/lib/ruby/gems/1.8/gems/activesupport-2.3.2/lib/active_support/core_ext/benchmark.rb:17:in `ms'
/usr/local/lib/ruby/gems/1.8/gems/actionpack-2.3.2/lib/action_controller/benchmarking.rb:68:in `perform_action_without_rescue'
/usr/local/lib/ruby/gems/1.8/gems/actionpack-2.3.2/lib/action_controller/rescue.rb:160:in `perform_action_without_flash'
/usr/local/lib/ruby/gems/1.8/gems/actionpack-2.3.2/lib/action_controller/flash.rb:141:in `perform_action'
/usr/local/lib/ruby/gems/1.8/gems/actionpack-2.3.2/lib/action_controller/base.rb:523:in `send'
/usr/local/lib/ruby/gems/1.8/gems/actionpack-2.3.2/lib/action_controller/base.rb:523:in `process_without_filters'
/usr/local/lib/ruby/gems/1.8/gems/actionpack-2.3.2/lib/action_controller/filters.rb:606:in `process'
/usr/local/lib/ruby/gems/1.8/gems/actionpack-2.3.2/lib/action_controller/base.rb:391:in `process'
/usr/local/lib/ruby/gems/1.8/gems/actionpack-2.3.2/lib/action_controller/base.rb:386:in `call'
/usr/local/lib/ruby/gems/1.8/gems/actionpack-2.3.2/lib/action_controller/routing/route_set.rb:433:in `call'
/usr/local/lib/ruby/gems/1.8/gems/actionpack-2.3.2/lib/action_controller/dispatcher.rb:88:in `dispatch'
/usr/local/lib/ruby/gems/1.8/gems/actionpack-2.3.2/lib/action_controller/dispatcher.rb:111:in `_call'
/usr/local/lib/ruby/gems/1.8/gems/actionpack-2.3.2/lib/action_controller/dispatcher.rb:82:in `initialize'
/usr/local/lib/ruby/gems/1.8/gems/activerecord-2.3.2/lib/active_record/query_cache.rb:29:in `call'
/usr/local/lib/ruby/gems/1.8/gems/activerecord-2.3.2/lib/active_record/query_cache.rb:29:in `call'
/usr/local/lib/ruby/gems/1.8/gems/activerecord-2.3.2/lib/active_record/connection_adapters/abstract/query_cache.rb:34:in `cache'
/usr/local/lib/ruby/gems/1.8/gems/activerecord-2.3.2/lib/active_record/query_cache.rb:9:in `cache'
/usr/local/lib/ruby/gems/1.8/gems/activerecord-2.3.2/lib/active_record/query_cache.rb:28:in `call'
/usr/local/lib/ruby/gems/1.8/gems/activerecord-2.3.2/lib/active_record/connection_adapters/abstract/connection_pool.rb:361:in `call'
/usr/local/lib/ruby/gems/1.8/gems/actionpack-2.3.2/lib/action_controller/vendor/rack-1.0/rack/head.rb:9:in `call'
/usr/local/lib/ruby/gems/1.8/gems/actionpack-2.3.2/lib/action_controller/vendor/rack-1.0/rack/methodoverride.rb:24:in `call'
/usr/local/lib/ruby/gems/1.8/gems/actionpack-2.3.2/lib/action_controller/params_parser.rb:15:in `call'
/usr/local/lib/ruby/gems/1.8/gems/actionpack-2.3.2/lib/action_controller/rewindable_input.rb:25:in `call'
/usr/local/lib/ruby/gems/1.8/gems/actionpack-2.3.2/lib/action_controller/session/cookie_store.rb:93:in `call'
/usr/local/lib/ruby/gems/1.8/gems/actionpack-2.3.2/lib/action_controller/reloader.rb:9:in `call'
/usr/local/lib/ruby/gems/1.8/gems/actionpack-2.3.2/lib/action_controller/failsafe.rb:11:in `call'
/usr/local/lib/ruby/gems/1.8/gems/actionpack-2.3.2/lib/action_controller/vendor/rack-1.0/rack/lock.rb:11:in `call'
/usr/local/lib/ruby/gems/1.8/gems/actionpack-2.3.2/lib/action_controller/vendor/rack-1.0/rack/lock.rb:11:in `synchronize'
/usr/local/lib/ruby/gems/1.8/gems/actionpack-2.3.2/lib/action_controller/vendor/rack-1.0/rack/lock.rb:11:in `call'
/usr/local/lib/ruby/gems/1.8/gems/actionpack-2.3.2/lib/action_controller/dispatcher.rb:106:in `call'
/usr/local/lib/ruby/gems/1.8/gems/rails-2.3.2/lib/rails/rack/static.rb:31:in `call'
/usr/local/lib/ruby/gems/1.8/gems/actionpack-2.3.2/lib/action_controller/vendor/rack-1.0/rack/urlmap.rb:46:in `call'
/usr/local/lib/ruby/gems/1.8/gems/actionpack-2.3.2/lib/action_controller/vendor/rack-1.0/rack/urlmap.rb:40:in `each'
/usr/local/lib/ruby/gems/1.8/gems/actionpack-2.3.2/lib/action_controller/vendor/rack-1.0/rack/urlmap.rb:40:in `call'
/usr/local/lib/ruby/gems/1.8/gems/rails-2.3.2/lib/rails/rack/log_tailer.rb:17:in `call'
/usr/local/lib/ruby/gems/1.8/gems/actionpack-2.3.2/lib/action_controller/vendor/rack-1.0/rack/content_length.rb:13:in `call'
/usr/local/lib/ruby/gems/1.8/gems/actionpack-2.3.2/lib/action_controller/vendor/rack-1.0/rack/chunked.rb:15:in `call'
/usr/local/lib/ruby/gems/1.8/gems/actionpack-2.3.2/lib/action_controller/vendor/rack-1.0/rack/handler/mongrel.rb:61:in `process'
/usr/local/lib/ruby/gems/1.8/gems/mongrel-1.1.5/lib/mongrel.rb:159:in `process_client'
/usr/local/lib/ruby/gems/1.8/gems/mongrel-1.1.5/lib/mongrel.rb:158:in `each'
/usr/local/lib/ruby/gems/1.8/gems/mongrel-1.1.5/lib/mongrel.rb:158:in `process_client'
/usr/local/lib/ruby/gems/1.8/gems/mongrel-1.1.5/lib/mongrel.rb:285:in `run'
/usr/local/lib/ruby/gems/1.8/gems/mongrel-1.1.5/lib/mongrel.rb:285:in `initialize'
/usr/local/lib/ruby/gems/1.8/gems/mongrel-1.1.5/lib/mongrel.rb:285:in `new'
/usr/local/lib/ruby/gems/1.8/gems/mongrel-1.1.5/lib/mongrel.rb:285:in `run'
/usr/local/lib/ruby/gems/1.8/gems/mongrel-1.1.5/lib/mongrel.rb:268:in `initialize'
/usr/local/lib/ruby/gems/1.8/gems/mongrel-1.1.5/lib/mongrel.rb:268:in `new'
/usr/local/lib/ruby/gems/1.8/gems/mongrel-1.1.5/lib/mongrel.rb:268:in `run'
/usr/local/lib/ruby/gems/1.8/gems/actionpack-2.3.2/lib/action_controller/vendor/rack-1.0/rack/handler/mongrel.rb:34:in `run'
/usr/local/lib/ruby/gems/1.8/gems/rails-2.3.2/lib/commands/server.rb:111
/usr/local/lib/ruby/site_ruby/1.8/rubygems/custom_require.rb:31:in `gem_original_require'
/usr/local/lib/ruby/site_ruby/1.8/rubygems/custom_require.rb:31:in `require'
script/server:3

ActionView::TemplateError (compile error
/Users/scott/Documents/rails_projects/six_degrees/app/views/friends/index.html.erb:7: syntax error, unexpected kENSURE, expecting $end) on line #7 of app/views/friends/index.html.erb:
4:   <%= text_field_tag :user2 %>
5: 
6: <% end %>

    app/views/friends/index.html.erb:7:in `compile!'

Rendered rescues/_trace (98.8ms)
Rendered rescues/_request_and_response (0.5ms)
Rendering rescues/layout (internal_server_error)


Processing FriendsController#index (for 127.0.0.1 at 2009-06-24 19:03:09) [GET]
Rendering friends/index
ERROR: compiling _run_erb_app47views47friends47index46html46erb RAISED compile error
/Users/scott/Documents/rails_projects/six_degrees/app/views/friends/index.html.erb:1: syntax error, unexpected ')'
...action => "show_common" } do ).to_s); @output_buffer.concat ...
                              ^
/Users/scott/Documents/rails_projects/six_degrees/app/views/friends/index.html.erb:7: syntax error, unexpected kENSURE, expecting ')'
/Users/scott/Documents/rails_projects/six_degrees/app/views/friends/index.html.erb:9: syntax error, unexpected kEND, expecting ')'
Function body:           def _run_erb_app47views47friends47index46html46erb(local_assigns)
            old_output_buffer = output_buffer;;@output_buffer = '';  __in_erb_template=true ; @output_buffer.concat(( form_tag :url => { :controller => "friends", :action => "show_common" } do ).to_s); @output_buffer.concat "\n\n  "

; @output_buffer.concat(( text_field_tag :user1 ).to_s); @output_buffer.concat "<br/>\n  "
; @output_buffer.concat(( text_field_tag :user2 ).to_s); @output_buffer.concat "\n\n"

;  end ; @output_buffer
          ensure
            self.output_buffer = old_output_buffer
          end
Backtrace: /Users/scott/Documents/rails_projects/six_degrees/app/views/friends/index.html.erb:9:in `compile!'
/usr/local/lib/ruby/gems/1.8/gems/actionpack-2.3.2/lib/action_view/renderable.rb:61:in `compile'
/usr/local/lib/ruby/gems/1.8/gems/actionpack-2.3.2/lib/action_view/renderable.rb:28:in `render'
/usr/local/lib/ruby/gems/1.8/gems/actionpack-2.3.2/lib/action_view/template.rb:194:in `render_template'
/usr/local/lib/ruby/gems/1.8/gems/actionpack-2.3.2/lib/action_view/base.rb:260:in `render'
/usr/local/lib/ruby/gems/1.8/gems/actionpack-2.3.2/lib/action_controller/base.rb:1241:in `render_for_file'
/usr/local/lib/ruby/gems/1.8/gems/actionpack-2.3.2/lib/action_controller/base.rb:937:in `render_without_benchmark'
/usr/local/lib/ruby/gems/1.8/gems/actionpack-2.3.2/lib/action_controller/benchmarking.rb:51:in `render'
/usr/local/lib/ruby/gems/1.8/gems/activesupport-2.3.2/lib/active_support/core_ext/benchmark.rb:17:in `ms'
/usr/local/lib/ruby/1.8/benchmark.rb:308:in `realtime'
/usr/local/lib/ruby/gems/1.8/gems/activesupport-2.3.2/lib/active_support/core_ext/benchmark.rb:17:in `ms'
/usr/local/lib/ruby/gems/1.8/gems/actionpack-2.3.2/lib/action_controller/benchmarking.rb:51:in `render'
/usr/local/lib/ruby/gems/1.8/gems/actionpack-2.3.2/lib/action_controller/base.rb:1317:in `default_render'
/usr/local/lib/ruby/gems/1.8/gems/actionpack-2.3.2/lib/action_controller/base.rb:1323:in `perform_action_without_filters'
/usr/local/lib/ruby/gems/1.8/gems/actionpack-2.3.2/lib/action_controller/filters.rb:617:in `call_filters'
/usr/local/lib/ruby/gems/1.8/gems/actionpack-2.3.2/lib/action_controller/filters.rb:610:in `perform_action_without_benchmark'
/usr/local/lib/ruby/gems/1.8/gems/actionpack-2.3.2/lib/action_controller/benchmarking.rb:68:in `perform_action_without_rescue'
/usr/local/lib/ruby/gems/1.8/gems/activesupport-2.3.2/lib/active_support/core_ext/benchmark.rb:17:in `ms'
/usr/local/lib/ruby/1.8/benchmark.rb:308:in `realtime'
/usr/local/lib/ruby/gems/1.8/gems/activesupport-2.3.2/lib/active_support/core_ext/benchmark.rb:17:in `ms'
/usr/local/lib/ruby/gems/1.8/gems/actionpack-2.3.2/lib/action_controller/benchmarking.rb:68:in `perform_action_without_rescue'
/usr/local/lib/ruby/gems/1.8/gems/actionpack-2.3.2/lib/action_controller/rescue.rb:160:in `perform_action_without_flash'
/usr/local/lib/ruby/gems/1.8/gems/actionpack-2.3.2/lib/action_controller/flash.rb:141:in `perform_action'
/usr/local/lib/ruby/gems/1.8/gems/actionpack-2.3.2/lib/action_controller/base.rb:523:in `send'
/usr/local/lib/ruby/gems/1.8/gems/actionpack-2.3.2/lib/action_controller/base.rb:523:in `process_without_filters'
/usr/local/lib/ruby/gems/1.8/gems/actionpack-2.3.2/lib/action_controller/filters.rb:606:in `process'
/usr/local/lib/ruby/gems/1.8/gems/actionpack-2.3.2/lib/action_controller/base.rb:391:in `process'
/usr/local/lib/ruby/gems/1.8/gems/actionpack-2.3.2/lib/action_controller/base.rb:386:in `call'
/usr/local/lib/ruby/gems/1.8/gems/actionpack-2.3.2/lib/action_controller/routing/route_set.rb:433:in `call'
/usr/local/lib/ruby/gems/1.8/gems/actionpack-2.3.2/lib/action_controller/dispatcher.rb:88:in `dispatch'
/usr/local/lib/ruby/gems/1.8/gems/actionpack-2.3.2/lib/action_controller/dispatcher.rb:111:in `_call'
/usr/local/lib/ruby/gems/1.8/gems/actionpack-2.3.2/lib/action_controller/dispatcher.rb:82:in `initialize'
/usr/local/lib/ruby/gems/1.8/gems/activerecord-2.3.2/lib/active_record/query_cache.rb:29:in `call'
/usr/local/lib/ruby/gems/1.8/gems/activerecord-2.3.2/lib/active_record/query_cache.rb:29:in `call'
/usr/local/lib/ruby/gems/1.8/gems/activerecord-2.3.2/lib/active_record/connection_adapters/abstract/query_cache.rb:34:in `cache'
/usr/local/lib/ruby/gems/1.8/gems/activerecord-2.3.2/lib/active_record/query_cache.rb:9:in `cache'
/usr/local/lib/ruby/gems/1.8/gems/activerecord-2.3.2/lib/active_record/query_cache.rb:28:in `call'
/usr/local/lib/ruby/gems/1.8/gems/activerecord-2.3.2/lib/active_record/connection_adapters/abstract/connection_pool.rb:361:in `call'
/usr/local/lib/ruby/gems/1.8/gems/actionpack-2.3.2/lib/action_controller/vendor/rack-1.0/rack/head.rb:9:in `call'
/usr/local/lib/ruby/gems/1.8/gems/actionpack-2.3.2/lib/action_controller/vendor/rack-1.0/rack/methodoverride.rb:24:in `call'
/usr/local/lib/ruby/gems/1.8/gems/actionpack-2.3.2/lib/action_controller/params_parser.rb:15:in `call'
/usr/local/lib/ruby/gems/1.8/gems/actionpack-2.3.2/lib/action_controller/rewindable_input.rb:25:in `call'
/usr/local/lib/ruby/gems/1.8/gems/actionpack-2.3.2/lib/action_controller/session/cookie_store.rb:93:in `call'
/usr/local/lib/ruby/gems/1.8/gems/actionpack-2.3.2/lib/action_controller/reloader.rb:9:in `call'
/usr/local/lib/ruby/gems/1.8/gems/actionpack-2.3.2/lib/action_controller/failsafe.rb:11:in `call'
/usr/local/lib/ruby/gems/1.8/gems/actionpack-2.3.2/lib/action_controller/vendor/rack-1.0/rack/lock.rb:11:in `call'
/usr/local/lib/ruby/gems/1.8/gems/actionpack-2.3.2/lib/action_controller/vendor/rack-1.0/rack/lock.rb:11:in `synchronize'
/usr/local/lib/ruby/gems/1.8/gems/actionpack-2.3.2/lib/action_controller/vendor/rack-1.0/rack/lock.rb:11:in `call'
/usr/local/lib/ruby/gems/1.8/gems/actionpack-2.3.2/lib/action_controller/dispatcher.rb:106:in `call'
/usr/local/lib/ruby/gems/1.8/gems/rails-2.3.2/lib/rails/rack/static.rb:31:in `call'
/usr/local/lib/ruby/gems/1.8/gems/actionpack-2.3.2/lib/action_controller/vendor/rack-1.0/rack/urlmap.rb:46:in `call'
/usr/local/lib/ruby/gems/1.8/gems/actionpack-2.3.2/lib/action_controller/vendor/rack-1.0/rack/urlmap.rb:40:in `each'
/usr/local/lib/ruby/gems/1.8/gems/actionpack-2.3.2/lib/action_controller/vendor/rack-1.0/rack/urlmap.rb:40:in `call'
/usr/local/lib/ruby/gems/1.8/gems/rails-2.3.2/lib/rails/rack/log_tailer.rb:17:in `call'
/usr/local/lib/ruby/gems/1.8/gems/actionpack-2.3.2/lib/action_controller/vendor/rack-1.0/rack/content_length.rb:13:in `call'
/usr/local/lib/ruby/gems/1.8/gems/actionpack-2.3.2/lib/action_controller/vendor/rack-1.0/rack/chunked.rb:15:in `call'
/usr/local/lib/ruby/gems/1.8/gems/actionpack-2.3.2/lib/action_controller/vendor/rack-1.0/rack/handler/mongrel.rb:61:in `process'
/usr/local/lib/ruby/gems/1.8/gems/mongrel-1.1.5/lib/mongrel.rb:159:in `process_client'
/usr/local/lib/ruby/gems/1.8/gems/mongrel-1.1.5/lib/mongrel.rb:158:in `each'
/usr/local/lib/ruby/gems/1.8/gems/mongrel-1.1.5/lib/mongrel.rb:158:in `process_client'
/usr/local/lib/ruby/gems/1.8/gems/mongrel-1.1.5/lib/mongrel.rb:285:in `run'
/usr/local/lib/ruby/gems/1.8/gems/mongrel-1.1.5/lib/mongrel.rb:285:in `initialize'
/usr/local/lib/ruby/gems/1.8/gems/mongrel-1.1.5/lib/mongrel.rb:285:in `new'
/usr/local/lib/ruby/gems/1.8/gems/mongrel-1.1.5/lib/mongrel.rb:285:in `run'
/usr/local/lib/ruby/gems/1.8/gems/mongrel-1.1.5/lib/mongrel.rb:268:in `initialize'
/usr/local/lib/ruby/gems/1.8/gems/mongrel-1.1.5/lib/mongrel.rb:268:in `new'
/usr/local/lib/ruby/gems/1.8/gems/mongrel-1.1.5/lib/mongrel.rb:268:in `run'
/usr/local/lib/ruby/gems/1.8/gems/actionpack-2.3.2/lib/action_controller/vendor/rack-1.0/rack/handler/mongrel.rb:34:in `run'
/usr/local/lib/ruby/gems/1.8/gems/rails-2.3.2/lib/commands/server.rb:111
/usr/local/lib/ruby/site_ruby/1.8/rubygems/custom_require.rb:31:in `gem_original_require'
/usr/local/lib/ruby/site_ruby/1.8/rubygems/custom_require.rb:31:in `require'
script/server:3

ActionView::TemplateError (compile error
/Users/scott/Documents/rails_projects/six_degrees/app/views/friends/index.html.erb:1: syntax error, unexpected ')'
...action => "show_common" } do ).to_s); @output_buffer.concat ...
                              ^
/Users/scott/Documents/rails_projects/six_degrees/app/views/friends/index.html.erb:7: syntax error, unexpected kENSURE, expecting ')'
/Users/scott/Documents/rails_projects/six_degrees/app/views/friends/index.html.erb:9: syntax error, unexpected kEND, expecting ')') on line #1 of app/views/friends/index.html.erb:
1: <%= form_tag :url => { :controller => "friends", :action => "show_common" } do %>
2: 
3:   <%= text_field_tag :user1 %><br/>
4:   <%= text_field_tag :user2 %>

    app/views/friends/index.html.erb:9:in `compile!'

Rendered rescues/_trace (160.6ms)
Rendered rescues/_request_and_response (0.6ms)
Rendering rescues/layout (internal_server_error)


Processing FriendsController#index (for 127.0.0.1 at 2009-06-24 19:03:36) [GET]
Rendering friends/index
Completed in 1153ms (View: 11, DB: 0) | 200 OK [http://localhost/]


Processing FriendsController#index (for 127.0.0.1 at 2009-06-24 19:03:51) [GET]
Rendering friends/index
Completed in 436ms (View: 9, DB: 0) | 200 OK [http://localhost/]


Processing FriendsController#index (for 127.0.0.1 at 2009-06-24 19:04:15) [GET]
Rendering friends/index
Completed in 407ms (View: 13, DB: 0) | 200 OK [http://localhost/]


Processing FriendsController#index (for 127.0.0.1 at 2009-06-24 19:04:28) [POST]
  Parameters: {"commit"=>"save", "url"=>{"action"=>"show_common", "controller"=>"friends"}, "authenticity_token"=>"zeYr6EjqqVpyfLsqbqCZPYRr7zqrAChX+hevCzkoVsc=", "user1"=>"jpdugan", "user2"=>"tlowrimore"}
Rendering friends/index
Completed in 474ms (View: 5, DB: 0) | 200 OK [http://localhost/?url%5Baction%5D=show_common&url%5Bcontroller%5D=friends]


Processing FriendsController#index (for 127.0.0.1 at 2009-06-24 19:05:54) [GET]


Processing FriendsController#index (for 127.0.0.1 at 2009-06-24 19:07:16) [GET]
Rendering friends/index
Completed in 438ms (View: 17, DB: 0) | 200 OK [http://localhost/]


Processing ApplicationController#index (for 127.0.0.1 at 2009-06-24 19:07:20) [POST]
  Parameters: {"commit"=>"save", "authenticity_token"=>"zeYr6EjqqVpyfLsqbqCZPYRr7zqrAChX+hevCzkoVsc=", "user1"=>"", "user2"=>""}

ActionController::RoutingError (No route matches "/show_common" with {:method=>:post}):
  

Rendering rescues/layout (not_found)


Processing FriendsController#index (for 127.0.0.1 at 2009-06-24 19:07:32) [GET]
Rendering friends/index
Completed in 356ms (View: 10, DB: 0) | 200 OK [http://localhost/]


Processing FriendsController#show_common (for 127.0.0.1 at 2009-06-24 19:07:33) [POST]
  Parameters: {"commit"=>"save", "authenticity_token"=>"zeYr6EjqqVpyfLsqbqCZPYRr7zqrAChX+hevCzkoVsc=", "user1"=>"", "user2"=>""}

Twitter::RESTError (Not Found):
  /usr/local/lib/ruby/gems/1.8/gems/twitter4r-0.3.1/lib/twitter/client/base.rb:39:in `raise_rest_error'
  /usr/local/lib/ruby/gems/1.8/gems/twitter4r-0.3.1/lib/twitter/client/base.rb:44:in `handle_rest_response'
  /usr/local/lib/ruby/gems/1.8/gems/twitter4r-0.3.1/lib/twitter/client/base.rb:18:in `http_connect'
  /usr/local/lib/ruby/1.8/net/http.rb:543:in `start'
  /usr/local/lib/ruby/gems/1.8/gems/twitter4r-0.3.1/lib/twitter/client/base.rb:14:in `http_connect'
  /usr/local/lib/ruby/gems/1.8/gems/twitter4r-0.3.1/lib/twitter/client/user.rb:37:in `user'
  app/controllers/friends_controller.rb:9:in `show_common'

Rendered rescues/_trace (146.8ms)
Rendered rescues/_request_and_response (3.0ms)
Rendering rescues/layout (internal_server_error)


Processing FriendsController#show_common (for 127.0.0.1 at 2009-06-24 19:08:54) [POST]
  Parameters: {"commit"=>"save", "authenticity_token"=>"zeYr6EjqqVpyfLsqbqCZPYRr7zqrAChX+hevCzkoVsc=", "user1"=>"jpdugan", "user2"=>"tlowrimore"}
Rendering friends/show_common
Completed in 13112ms (View: 12334, DB: 0) | 200 OK [http://localhost/friends/show_common]


Processing FriendsController#index (for ::1 at 2009-06-25 11:13:34) [GET]
Rendering friends/index
Completed in 423ms (View: 17, DB: 0) | 200 OK [http://localhost/]


Processing FriendsController#show_common (for ::1 at 2009-06-25 11:13:45) [POST]
  Parameters: {"commit"=>"save", "authenticity_token"=>"HQNHEAshBerkZN9rsjsXZnFnvBTITbEGmddAu40I5zA=", "user1"=>"jpdugan", "user2"=>"caitlin"}
Rendering friends/show_common
Completed in 16809ms (View: 16111, DB: 0) | 200 OK [http://localhost/friends/show_common]


Processing FriendsController#index (for ::1 at 2009-06-25 11:17:20) [GET]
Rendering friends/index
Completed in 2196ms (View: 2, DB: 0) | 200 OK [http://localhost/]


Processing FriendsController#index (for ::1 at 2009-06-25 11:17:52) [GET]

SocketError (getaddrinfo: nodename nor servname provided, or not known):
  /opt/local/lib/ruby/1.8/net/http.rb:560:in `initialize'
  /opt/local/lib/ruby/1.8/net/http.rb:560:in `open'
  /opt/local/lib/ruby/1.8/net/http.rb:560:in `connect'
  /opt/local/lib/ruby/1.8/timeout.rb:53:in `timeout'
  /opt/local/lib/ruby/1.8/timeout.rb:93:in `timeout'
  /opt/local/lib/ruby/1.8/net/http.rb:560:in `connect'
  /opt/local/lib/ruby/1.8/net/http.rb:553:in `do_start'
  /opt/local/lib/ruby/1.8/net/http.rb:542:in `start'
  /Users/jdugan/.gem/ruby/1.8/gems/twitter4r-0.3.1/lib/twitter/client/base.rb:14:in `http_connect'
  /Users/jdugan/.gem/ruby/1.8/gems/twitter4r-0.3.1/lib/twitter/client/user.rb:37:in `user'
  app/controllers/friends_controller.rb:5:in `index'
  passenger (2.1.3) lib/phusion_passenger/rack/request_handler.rb:65:in `process_request'
  passenger (2.1.3) lib/phusion_passenger/abstract_request_handler.rb:197:in `main_loop'
  passenger (2.1.3) lib/phusion_passenger/railz/application_spawner.rb:340:in `start_request_handler'
  passenger (2.1.3) lib/phusion_passenger/railz/application_spawner.rb:298:in `handle_spawn_application'
  passenger (2.1.3) lib/phusion_passenger/utils.rb:176:in `safe_fork'
  passenger (2.1.3) lib/phusion_passenger/railz/application_spawner.rb:296:in `handle_spawn_application'
  passenger (2.1.3) lib/phusion_passenger/abstract_server.rb:332:in `__send__'
  passenger (2.1.3) lib/phusion_passenger/abstract_server.rb:332:in `main_loop'
  passenger (2.1.3) lib/phusion_passenger/abstract_server.rb:182:in `start_synchronously'
  passenger (2.1.3) lib/phusion_passenger/abstract_server.rb:149:in `start'
  passenger (2.1.3) lib/phusion_passenger/railz/application_spawner.rb:192:in `start'
  passenger (2.1.3) lib/phusion_passenger/spawn_manager.rb:260:in `spawn_rails_application'
  passenger (2.1.3) lib/phusion_passenger/abstract_server_collection.rb:121:in `lookup_or_add'
  passenger (2.1.3) lib/phusion_passenger/spawn_manager.rb:254:in `spawn_rails_application'
  passenger (2.1.3) lib/phusion_passenger/abstract_server_collection.rb:75:in `synchronize'
  passenger (2.1.3) lib/phusion_passenger/abstract_server_collection.rb:74:in `synchronize'
  passenger (2.1.3) lib/phusion_passenger/spawn_manager.rb:253:in `spawn_rails_application'
  passenger (2.1.3) lib/phusion_passenger/spawn_manager.rb:148:in `spawn_application'
  passenger (2.1.3) lib/phusion_passenger/spawn_manager.rb:285:in `handle_spawn_application'
  passenger (2.1.3) lib/phusion_passenger/abstract_server.rb:332:in `__send__'
  passenger (2.1.3) lib/phusion_passenger/abstract_server.rb:332:in `main_loop'
  passenger (2.1.3) lib/phusion_passenger/abstract_server.rb:182:in `start_synchronously'

Rendered rescues/_trace (42.6ms)
Rendered rescues/_request_and_response (1.6ms)
Rendering rescues/layout (internal_server_error)


Processing FriendsController#index (for ::1 at 2009-06-25 11:18:05) [GET]

SocketError (getaddrinfo: nodename nor servname provided, or not known):
  /opt/local/lib/ruby/1.8/net/http.rb:560:in `initialize'
  /opt/local/lib/ruby/1.8/net/http.rb:560:in `open'
  /opt/local/lib/ruby/1.8/net/http.rb:560:in `connect'
  /opt/local/lib/ruby/1.8/timeout.rb:53:in `timeout'
  /opt/local/lib/ruby/1.8/timeout.rb:93:in `timeout'
  /opt/local/lib/ruby/1.8/net/http.rb:560:in `connect'
  /opt/local/lib/ruby/1.8/net/http.rb:553:in `do_start'
  /opt/local/lib/ruby/1.8/net/http.rb:542:in `start'
  /Users/jdugan/.gem/ruby/1.8/gems/twitter4r-0.3.1/lib/twitter/client/base.rb:14:in `http_connect'
  /Users/jdugan/.gem/ruby/1.8/gems/twitter4r-0.3.1/lib/twitter/client/user.rb:37:in `user'
  app/controllers/friends_controller.rb:5:in `index'
  passenger (2.1.3) lib/phusion_passenger/rack/request_handler.rb:65:in `process_request'
  passenger (2.1.3) lib/phusion_passenger/abstract_request_handler.rb:197:in `main_loop'
  passenger (2.1.3) lib/phusion_passenger/railz/application_spawner.rb:340:in `start_request_handler'
  passenger (2.1.3) lib/phusion_passenger/railz/application_spawner.rb:298:in `handle_spawn_application'
  passenger (2.1.3) lib/phusion_passenger/utils.rb:176:in `safe_fork'
  passenger (2.1.3) lib/phusion_passenger/railz/application_spawner.rb:296:in `handle_spawn_application'
  passenger (2.1.3) lib/phusion_passenger/abstract_server.rb:332:in `__send__'
  passenger (2.1.3) lib/phusion_passenger/abstract_server.rb:332:in `main_loop'
  passenger (2.1.3) lib/phusion_passenger/abstract_server.rb:182:in `start_synchronously'
  passenger (2.1.3) lib/phusion_passenger/abstract_server.rb:149:in `start'
  passenger (2.1.3) lib/phusion_passenger/railz/application_spawner.rb:192:in `start'
  passenger (2.1.3) lib/phusion_passenger/spawn_manager.rb:260:in `spawn_rails_application'
  passenger (2.1.3) lib/phusion_passenger/abstract_server_collection.rb:121:in `lookup_or_add'
  passenger (2.1.3) lib/phusion_passenger/spawn_manager.rb:254:in `spawn_rails_application'
  passenger (2.1.3) lib/phusion_passenger/abstract_server_collection.rb:75:in `synchronize'
  passenger (2.1.3) lib/phusion_passenger/abstract_server_collection.rb:74:in `synchronize'
  passenger (2.1.3) lib/phusion_passenger/spawn_manager.rb:253:in `spawn_rails_application'
  passenger (2.1.3) lib/phusion_passenger/spawn_manager.rb:148:in `spawn_application'
  passenger (2.1.3) lib/phusion_passenger/spawn_manager.rb:285:in `handle_spawn_application'
  passenger (2.1.3) lib/phusion_passenger/abstract_server.rb:332:in `__send__'
  passenger (2.1.3) lib/phusion_passenger/abstract_server.rb:332:in `main_loop'
  passenger (2.1.3) lib/phusion_passenger/abstract_server.rb:182:in `start_synchronously'

Rendered rescues/_trace (42.0ms)
Rendered rescues/_request_and_response (0.3ms)
Rendering rescues/layout (internal_server_error)


Processing FriendsController#index (for ::1 at 2009-06-25 11:18:08) [GET]

SocketError (getaddrinfo: nodename nor servname provided, or not known):
  /opt/local/lib/ruby/1.8/net/http.rb:560:in `initialize'
  /opt/local/lib/ruby/1.8/net/http.rb:560:in `open'
  /opt/local/lib/ruby/1.8/net/http.rb:560:in `connect'
  /opt/local/lib/ruby/1.8/timeout.rb:53:in `timeout'
  /opt/local/lib/ruby/1.8/timeout.rb:93:in `timeout'
  /opt/local/lib/ruby/1.8/net/http.rb:560:in `connect'
  /opt/local/lib/ruby/1.8/net/http.rb:553:in `do_start'
  /opt/local/lib/ruby/1.8/net/http.rb:542:in `start'
  /Users/jdugan/.gem/ruby/1.8/gems/twitter4r-0.3.1/lib/twitter/client/base.rb:14:in `http_connect'
  /Users/jdugan/.gem/ruby/1.8/gems/twitter4r-0.3.1/lib/twitter/client/user.rb:37:in `user'
  app/controllers/friends_controller.rb:5:in `index'
  passenger (2.1.3) lib/phusion_passenger/rack/request_handler.rb:65:in `process_request'
  passenger (2.1.3) lib/phusion_passenger/abstract_request_handler.rb:197:in `main_loop'
  passenger (2.1.3) lib/phusion_passenger/railz/application_spawner.rb:340:in `start_request_handler'
  passenger (2.1.3) lib/phusion_passenger/railz/application_spawner.rb:298:in `handle_spawn_application'
  passenger (2.1.3) lib/phusion_passenger/utils.rb:176:in `safe_fork'
  passenger (2.1.3) lib/phusion_passenger/railz/application_spawner.rb:296:in `handle_spawn_application'
  passenger (2.1.3) lib/phusion_passenger/abstract_server.rb:332:in `__send__'
  passenger (2.1.3) lib/phusion_passenger/abstract_server.rb:332:in `main_loop'
  passenger (2.1.3) lib/phusion_passenger/abstract_server.rb:182:in `start_synchronously'
  passenger (2.1.3) lib/phusion_passenger/abstract_server.rb:149:in `start'
  passenger (2.1.3) lib/phusion_passenger/railz/application_spawner.rb:192:in `start'
  passenger (2.1.3) lib/phusion_passenger/spawn_manager.rb:260:in `spawn_rails_application'
  passenger (2.1.3) lib/phusion_passenger/abstract_server_collection.rb:121:in `lookup_or_add'
  passenger (2.1.3) lib/phusion_passenger/spawn_manager.rb:254:in `spawn_rails_application'
  passenger (2.1.3) lib/phusion_passenger/abstract_server_collection.rb:75:in `synchronize'
  passenger (2.1.3) lib/phusion_passenger/abstract_server_collection.rb:74:in `synchronize'
  passenger (2.1.3) lib/phusion_passenger/spawn_manager.rb:253:in `spawn_rails_application'
  passenger (2.1.3) lib/phusion_passenger/spawn_manager.rb:148:in `spawn_application'
  passenger (2.1.3) lib/phusion_passenger/spawn_manager.rb:285:in `handle_spawn_application'
  passenger (2.1.3) lib/phusion_passenger/abstract_server.rb:332:in `__send__'
  passenger (2.1.3) lib/phusion_passenger/abstract_server.rb:332:in `main_loop'
  passenger (2.1.3) lib/phusion_passenger/abstract_server.rb:182:in `start_synchronously'

Rendered rescues/_trace (34.7ms)
Rendered rescues/_request_and_response (0.3ms)
Rendering rescues/layout (internal_server_error)


Processing FriendsController#index (for ::1 at 2009-06-25 11:19:07) [GET]

SocketError (getaddrinfo: nodename nor servname provided, or not known):
  /opt/local/lib/ruby/1.8/net/http.rb:560:in `initialize'
  /opt/local/lib/ruby/1.8/net/http.rb:560:in `open'
  /opt/local/lib/ruby/1.8/net/http.rb:560:in `connect'
  /opt/local/lib/ruby/1.8/timeout.rb:53:in `timeout'
  /opt/local/lib/ruby/1.8/timeout.rb:93:in `timeout'
  /opt/local/lib/ruby/1.8/net/http.rb:560:in `connect'
  /opt/local/lib/ruby/1.8/net/http.rb:553:in `do_start'
  /opt/local/lib/ruby/1.8/net/http.rb:542:in `start'
  /Users/jdugan/.gem/ruby/1.8/gems/twitter4r-0.3.1/lib/twitter/client/base.rb:14:in `http_connect'
  /Users/jdugan/.gem/ruby/1.8/gems/twitter4r-0.3.1/lib/twitter/client/user.rb:37:in `user'
  app/controllers/friends_controller.rb:5:in `index'
  passenger (2.1.3) lib/phusion_passenger/rack/request_handler.rb:65:in `process_request'
  passenger (2.1.3) lib/phusion_passenger/abstract_request_handler.rb:197:in `main_loop'
  passenger (2.1.3) lib/phusion_passenger/railz/application_spawner.rb:340:in `start_request_handler'
  passenger (2.1.3) lib/phusion_passenger/railz/application_spawner.rb:298:in `handle_spawn_application'
  passenger (2.1.3) lib/phusion_passenger/utils.rb:176:in `safe_fork'
  passenger (2.1.3) lib/phusion_passenger/railz/application_spawner.rb:296:in `handle_spawn_application'
  passenger (2.1.3) lib/phusion_passenger/abstract_server.rb:332:in `__send__'
  passenger (2.1.3) lib/phusion_passenger/abstract_server.rb:332:in `main_loop'
  passenger (2.1.3) lib/phusion_passenger/abstract_server.rb:182:in `start_synchronously'
  passenger (2.1.3) lib/phusion_passenger/abstract_server.rb:149:in `start'
  passenger (2.1.3) lib/phusion_passenger/railz/application_spawner.rb:192:in `start'
  passenger (2.1.3) lib/phusion_passenger/spawn_manager.rb:260:in `spawn_rails_application'
  passenger (2.1.3) lib/phusion_passenger/abstract_server_collection.rb:121:in `lookup_or_add'
  passenger (2.1.3) lib/phusion_passenger/spawn_manager.rb:254:in `spawn_rails_application'
  passenger (2.1.3) lib/phusion_passenger/abstract_server_collection.rb:75:in `synchronize'
  passenger (2.1.3) lib/phusion_passenger/abstract_server_collection.rb:74:in `synchronize'
  passenger (2.1.3) lib/phusion_passenger/spawn_manager.rb:253:in `spawn_rails_application'
  passenger (2.1.3) lib/phusion_passenger/spawn_manager.rb:148:in `spawn_application'
  passenger (2.1.3) lib/phusion_passenger/spawn_manager.rb:285:in `handle_spawn_application'
  passenger (2.1.3) lib/phusion_passenger/abstract_server.rb:332:in `__send__'
  passenger (2.1.3) lib/phusion_passenger/abstract_server.rb:332:in `main_loop'
  passenger (2.1.3) lib/phusion_passenger/abstract_server.rb:182:in `start_synchronously'

Rendered rescues/_trace (33.6ms)
Rendered rescues/_request_and_response (0.2ms)
Rendering rescues/layout (internal_server_error)


Processing FriendsController#index (for ::1 at 2009-06-25 11:19:57) [GET]

SocketError (getaddrinfo: nodename nor servname provided, or not known):
  /opt/local/lib/ruby/1.8/net/http.rb:560:in `initialize'
  /opt/local/lib/ruby/1.8/net/http.rb:560:in `open'
  /opt/local/lib/ruby/1.8/net/http.rb:560:in `connect'
  /opt/local/lib/ruby/1.8/timeout.rb:53:in `timeout'
  /opt/local/lib/ruby/1.8/timeout.rb:93:in `timeout'
  /opt/local/lib/ruby/1.8/net/http.rb:560:in `connect'
  /opt/local/lib/ruby/1.8/net/http.rb:553:in `do_start'
  /opt/local/lib/ruby/1.8/net/http.rb:542:in `start'
  /Users/jdugan/.gem/ruby/1.8/gems/twitter4r-0.3.1/lib/twitter/client/base.rb:14:in `http_connect'
  /Users/jdugan/.gem/ruby/1.8/gems/twitter4r-0.3.1/lib/twitter/client/user.rb:37:in `user'
  app/controllers/friends_controller.rb:5:in `index'
  passenger (2.1.3) lib/phusion_passenger/rack/request_handler.rb:65:in `process_request'
  passenger (2.1.3) lib/phusion_passenger/abstract_request_handler.rb:197:in `main_loop'
  passenger (2.1.3) lib/phusion_passenger/railz/application_spawner.rb:340:in `start_request_handler'
  passenger (2.1.3) lib/phusion_passenger/railz/application_spawner.rb:298:in `handle_spawn_application'
  passenger (2.1.3) lib/phusion_passenger/utils.rb:176:in `safe_fork'
  passenger (2.1.3) lib/phusion_passenger/railz/application_spawner.rb:296:in `handle_spawn_application'
  passenger (2.1.3) lib/phusion_passenger/abstract_server.rb:332:in `__send__'
  passenger (2.1.3) lib/phusion_passenger/abstract_server.rb:332:in `main_loop'
  passenger (2.1.3) lib/phusion_passenger/abstract_server.rb:182:in `start_synchronously'
  passenger (2.1.3) lib/phusion_passenger/abstract_server.rb:149:in `start'
  passenger (2.1.3) lib/phusion_passenger/railz/application_spawner.rb:192:in `start'
  passenger (2.1.3) lib/phusion_passenger/spawn_manager.rb:260:in `spawn_rails_application'
  passenger (2.1.3) lib/phusion_passenger/abstract_server_collection.rb:121:in `lookup_or_add'
  passenger (2.1.3) lib/phusion_passenger/spawn_manager.rb:254:in `spawn_rails_application'
  passenger (2.1.3) lib/phusion_passenger/abstract_server_collection.rb:75:in `synchronize'
  passenger (2.1.3) lib/phusion_passenger/abstract_server_collection.rb:74:in `synchronize'
  passenger (2.1.3) lib/phusion_passenger/spawn_manager.rb:253:in `spawn_rails_application'
  passenger (2.1.3) lib/phusion_passenger/spawn_manager.rb:148:in `spawn_application'
  passenger (2.1.3) lib/phusion_passenger/spawn_manager.rb:285:in `handle_spawn_application'
  passenger (2.1.3) lib/phusion_passenger/abstract_server.rb:332:in `__send__'
  passenger (2.1.3) lib/phusion_passenger/abstract_server.rb:332:in `main_loop'
  passenger (2.1.3) lib/phusion_passenger/abstract_server.rb:182:in `start_synchronously'

Rendered rescues/_trace (96.8ms)
Rendered rescues/_request_and_response (0.3ms)
Rendering rescues/layout (internal_server_error)


Processing FriendsController#index (for ::1 at 2009-06-25 11:20:10) [GET]

SocketError (getaddrinfo: nodename nor servname provided, or not known):
  /opt/local/lib/ruby/1.8/net/http.rb:560:in `initialize'
  /opt/local/lib/ruby/1.8/net/http.rb:560:in `open'
  /opt/local/lib/ruby/1.8/net/http.rb:560:in `connect'
  /opt/local/lib/ruby/1.8/timeout.rb:53:in `timeout'
  /opt/local/lib/ruby/1.8/timeout.rb:93:in `timeout'
  /opt/local/lib/ruby/1.8/net/http.rb:560:in `connect'
  /opt/local/lib/ruby/1.8/net/http.rb:553:in `do_start'
  /opt/local/lib/ruby/1.8/net/http.rb:542:in `start'
  /Users/jdugan/.gem/ruby/1.8/gems/twitter4r-0.3.1/lib/twitter/client/base.rb:14:in `http_connect'
  /Users/jdugan/.gem/ruby/1.8/gems/twitter4r-0.3.1/lib/twitter/client/user.rb:37:in `user'
  app/controllers/friends_controller.rb:5:in `index'
  passenger (2.1.3) lib/phusion_passenger/rack/request_handler.rb:65:in `process_request'
  passenger (2.1.3) lib/phusion_passenger/abstract_request_handler.rb:197:in `main_loop'
  passenger (2.1.3) lib/phusion_passenger/railz/application_spawner.rb:340:in `start_request_handler'
  passenger (2.1.3) lib/phusion_passenger/railz/application_spawner.rb:298:in `handle_spawn_application'
  passenger (2.1.3) lib/phusion_passenger/utils.rb:176:in `safe_fork'
  passenger (2.1.3) lib/phusion_passenger/railz/application_spawner.rb:296:in `handle_spawn_application'
  passenger (2.1.3) lib/phusion_passenger/abstract_server.rb:332:in `__send__'
  passenger (2.1.3) lib/phusion_passenger/abstract_server.rb:332:in `main_loop'
  passenger (2.1.3) lib/phusion_passenger/abstract_server.rb:182:in `start_synchronously'
  passenger (2.1.3) lib/phusion_passenger/abstract_server.rb:149:in `start'
  passenger (2.1.3) lib/phusion_passenger/railz/application_spawner.rb:192:in `start'
  passenger (2.1.3) lib/phusion_passenger/spawn_manager.rb:260:in `spawn_rails_application'
  passenger (2.1.3) lib/phusion_passenger/abstract_server_collection.rb:121:in `lookup_or_add'
  passenger (2.1.3) lib/phusion_passenger/spawn_manager.rb:254:in `spawn_rails_application'
  passenger (2.1.3) lib/phusion_passenger/abstract_server_collection.rb:75:in `synchronize'
  passenger (2.1.3) lib/phusion_passenger/abstract_server_collection.rb:74:in `synchronize'
  passenger (2.1.3) lib/phusion_passenger/spawn_manager.rb:253:in `spawn_rails_application'
  passenger (2.1.3) lib/phusion_passenger/spawn_manager.rb:148:in `spawn_application'
  passenger (2.1.3) lib/phusion_passenger/spawn_manager.rb:285:in `handle_spawn_application'
  passenger (2.1.3) lib/phusion_passenger/abstract_server.rb:332:in `__send__'
  passenger (2.1.3) lib/phusion_passenger/abstract_server.rb:332:in `main_loop'
  passenger (2.1.3) lib/phusion_passenger/abstract_server.rb:182:in `start_synchronously'

Rendered rescues/_trace (41.3ms)
Rendered rescues/_request_and_response (1.6ms)
Rendering rescues/layout (internal_server_error)


Processing FriendsController#index (for ::1 at 2009-06-25 11:21:23) [GET]

SocketError (getaddrinfo: nodename nor servname provided, or not known):
  /opt/local/lib/ruby/1.8/net/http.rb:560:in `initialize'
  /opt/local/lib/ruby/1.8/net/http.rb:560:in `open'
  /opt/local/lib/ruby/1.8/net/http.rb:560:in `connect'
  /opt/local/lib/ruby/1.8/timeout.rb:53:in `timeout'
  /opt/local/lib/ruby/1.8/timeout.rb:93:in `timeout'
  /opt/local/lib/ruby/1.8/net/http.rb:560:in `connect'
  /opt/local/lib/ruby/1.8/net/http.rb:553:in `do_start'
  /opt/local/lib/ruby/1.8/net/http.rb:542:in `start'
  /Users/jdugan/.gem/ruby/1.8/gems/twitter4r-0.3.1/lib/twitter/client/base.rb:14:in `http_connect'
  /Users/jdugan/.gem/ruby/1.8/gems/twitter4r-0.3.1/lib/twitter/client/user.rb:37:in `user'
  app/controllers/friends_controller.rb:5:in `index'
  passenger (2.1.3) lib/phusion_passenger/rack/request_handler.rb:65:in `process_request'
  passenger (2.1.3) lib/phusion_passenger/abstract_request_handler.rb:197:in `main_loop'
  passenger (2.1.3) lib/phusion_passenger/railz/application_spawner.rb:340:in `start_request_handler'
  passenger (2.1.3) lib/phusion_passenger/railz/application_spawner.rb:298:in `handle_spawn_application'
  passenger (2.1.3) lib/phusion_passenger/utils.rb:176:in `safe_fork'
  passenger (2.1.3) lib/phusion_passenger/railz/application_spawner.rb:296:in `handle_spawn_application'
  passenger (2.1.3) lib/phusion_passenger/abstract_server.rb:332:in `__send__'
  passenger (2.1.3) lib/phusion_passenger/abstract_server.rb:332:in `main_loop'
  passenger (2.1.3) lib/phusion_passenger/abstract_server.rb:182:in `start_synchronously'
  passenger (2.1.3) lib/phusion_passenger/abstract_server.rb:149:in `start'
  passenger (2.1.3) lib/phusion_passenger/railz/application_spawner.rb:192:in `start'
  passenger (2.1.3) lib/phusion_passenger/spawn_manager.rb:260:in `spawn_rails_application'
  passenger (2.1.3) lib/phusion_passenger/abstract_server_collection.rb:121:in `lookup_or_add'
  passenger (2.1.3) lib/phusion_passenger/spawn_manager.rb:254:in `spawn_rails_application'
  passenger (2.1.3) lib/phusion_passenger/abstract_server_collection.rb:75:in `synchronize'
  passenger (2.1.3) lib/phusion_passenger/abstract_server_collection.rb:74:in `synchronize'
  passenger (2.1.3) lib/phusion_passenger/spawn_manager.rb:253:in `spawn_rails_application'
  passenger (2.1.3) lib/phusion_passenger/spawn_manager.rb:148:in `spawn_application'
  passenger (2.1.3) lib/phusion_passenger/spawn_manager.rb:285:in `handle_spawn_application'
  passenger (2.1.3) lib/phusion_passenger/abstract_server.rb:332:in `__send__'
  passenger (2.1.3) lib/phusion_passenger/abstract_server.rb:332:in `main_loop'
  passenger (2.1.3) lib/phusion_passenger/abstract_server.rb:182:in `start_synchronously'

Rendered rescues/_trace (47.1ms)
Rendered rescues/_request_and_response (0.3ms)
Rendering rescues/layout (internal_server_error)


Processing FriendsController#index (for ::1 at 2009-06-25 11:21:35) [GET]
Rendering friends/index
Completed in 456ms (View: 11, DB: 0) | 200 OK [http://localhost/]


Processing FriendsController#index (for ::1 at 2009-06-25 11:30:47) [GET]

SocketError (getaddrinfo: nodename nor servname provided, or not known):
  /opt/local/lib/ruby/1.8/net/http.rb:560:in `initialize'
  /opt/local/lib/ruby/1.8/net/http.rb:560:in `open'
  /opt/local/lib/ruby/1.8/net/http.rb:560:in `connect'
  /opt/local/lib/ruby/1.8/timeout.rb:53:in `timeout'
  /opt/local/lib/ruby/1.8/timeout.rb:93:in `timeout'
  /opt/local/lib/ruby/1.8/net/http.rb:560:in `connect'
  /opt/local/lib/ruby/1.8/net/http.rb:553:in `do_start'
  /opt/local/lib/ruby/1.8/net/http.rb:542:in `start'
  /Users/jdugan/.gem/ruby/1.8/gems/twitter4r-0.3.1/lib/twitter/client/base.rb:14:in `http_connect'
  /Users/jdugan/.gem/ruby/1.8/gems/twitter4r-0.3.1/lib/twitter/client/user.rb:37:in `user'
  app/controllers/friends_controller.rb:5:in `index'
  passenger (2.1.3) lib/phusion_passenger/rack/request_handler.rb:65:in `process_request'
  passenger (2.1.3) lib/phusion_passenger/abstract_request_handler.rb:197:in `main_loop'
  passenger (2.1.3) lib/phusion_passenger/railz/application_spawner.rb:340:in `start_request_handler'
  passenger (2.1.3) lib/phusion_passenger/railz/application_spawner.rb:298:in `handle_spawn_application'
  passenger (2.1.3) lib/phusion_passenger/utils.rb:176:in `safe_fork'
  passenger (2.1.3) lib/phusion_passenger/railz/application_spawner.rb:296:in `handle_spawn_application'
  passenger (2.1.3) lib/phusion_passenger/abstract_server.rb:332:in `__send__'
  passenger (2.1.3) lib/phusion_passenger/abstract_server.rb:332:in `main_loop'
  passenger (2.1.3) lib/phusion_passenger/abstract_server.rb:182:in `start_synchronously'
  passenger (2.1.3) lib/phusion_passenger/abstract_server.rb:149:in `start'
  passenger (2.1.3) lib/phusion_passenger/railz/application_spawner.rb:192:in `start'
  passenger (2.1.3) lib/phusion_passenger/spawn_manager.rb:260:in `spawn_rails_application'
  passenger (2.1.3) lib/phusion_passenger/abstract_server_collection.rb:121:in `lookup_or_add'
  passenger (2.1.3) lib/phusion_passenger/spawn_manager.rb:254:in `spawn_rails_application'
  passenger (2.1.3) lib/phusion_passenger/abstract_server_collection.rb:75:in `synchronize'
  passenger (2.1.3) lib/phusion_passenger/abstract_server_collection.rb:74:in `synchronize'
  passenger (2.1.3) lib/phusion_passenger/spawn_manager.rb:253:in `spawn_rails_application'
  passenger (2.1.3) lib/phusion_passenger/spawn_manager.rb:148:in `spawn_application'
  passenger (2.1.3) lib/phusion_passenger/spawn_manager.rb:285:in `handle_spawn_application'
  passenger (2.1.3) lib/phusion_passenger/abstract_server.rb:332:in `__send__'
  passenger (2.1.3) lib/phusion_passenger/abstract_server.rb:332:in `main_loop'
  passenger (2.1.3) lib/phusion_passenger/abstract_server.rb:182:in `start_synchronously'

Rendered rescues/_trace (41.4ms)
Rendered rescues/_request_and_response (1.6ms)
Rendering rescues/layout (internal_server_error)


Processing FriendsController#index (for ::1 at 2009-06-25 11:31:19) [GET]
Rendering friends/index
Completed in 478ms (View: 11, DB: 0) | 200 OK [http://localhost/]


Processing FriendsController#index (for ::1 at 2009-06-25 11:32:28) [GET]
Rendering friends/index
Completed in 481ms (View: 12, DB: 0) | 200 OK [http://localhost/]
